02-12-24:02:14:36 | INFO | config.go:63 | config | config.GetConfig | Loading configuration | file_writeable=true working_dir=/Users/prakash-3701/psh/gohustle config_path=/Users/prakash-3701/psh/gohustle/config/config.json absolute_path=/Users/prakash-3701/psh/gohustle/config/config.json file_exists=true file_size=424 file_readable=true
02-12-24:02:14:36 | INFO | config.go:163 | config | config.loadConfigFile | Successfully loaded config | path=/Users/prakash-3701/psh/gohustle/config/config.json
02-12-24:02:14:36 | INFO | sample_insert.go:62 | gohustle | main.main | Generated sample data | count=1000
02-12-24:02:14:36 | INFO | sample_insert.go:100 | gohustle | main.(*SensorDataService).BatchInsertSensorData | Starting batch insert | total_records=1000 batch_size=1000 workers=5
02-12-24:02:14:36 | INFO | sample_insert.go:176 | gohustle | main.(*SensorDataService).BatchInsertSensorData.func1 | Chunk processed successfully | duration_ms=44 chunk_id=0 records=1000
02-12-24:02:14:36 | INFO | sample_insert.go:76 | gohustle | main.main | Successfully inserted sensor data | duration_ms=44 records=1000
02-12-24:02:19:18 | INFO | config.go:63 | config | config.GetConfig | Loading configuration | file_readable=true file_writeable=true working_dir=/Users/prakash-3701/psh/gohustle config_path=/Users/prakash-3701/psh/gohustle/config/config.json absolute_path=/Users/prakash-3701/psh/gohustle/config/config.json file_exists=true file_size=424
02-12-24:02:19:18 | INFO | config.go:163 | config | config.loadConfigFile | Successfully loaded config | path=/Users/prakash-3701/psh/gohustle/config/config.json
02-12-24:02:19:18 | INFO | sample_redis.go:105 | gohustle | main.main | Successfully inserted and verified data | key=user:1 value={"name": "John Doe", "age": 30}
02-12-24:02:19:18 | INFO | sample_redis.go:105 | gohustle | main.main | Successfully inserted and verified data | key=user:2 value={"name": "Jane Doe", "age": 25}
02-12-24:02:19:18 | INFO | sample_redis.go:105 | gohustle | main.main | Successfully inserted and verified data | value={"name": "Laptop", "price": 999.99} key=product:1
02-12-24:02:19:18 | INFO | sample_redis.go:111 | gohustle | main.main | Operation completed | duration_ms=2 records=3
02-12-24:02:19:18 | INFO | sample_redis.go:123 | gohustle | main.main | Found keys | keys=[user:2 user:1] pattern=user:*
02-12-24:02:28:06 | INFO | config.go:74 | config | config.GetConfig | Loading configuration | file_readable=true file_writeable=true working_dir=/Users/prakash-3701/psh/gohustle config_path=/Users/prakash-3701/psh/gohustle/config/config.json absolute_path=/Users/prakash-3701/psh/gohustle/config/config.json file_exists=true file_size=936
02-12-24:02:28:06 | ERROR | config.go:157 | config | config.loadConfigFile | Failed to parse config file | error=invalid character 'K' after top-level value path=/Users/prakash-3701/psh/gohustle/config/config.json content={
    "timescale": {
        "host": "localhost",
        "port": 5432,
        "user": "postgres",
        "password": "postgres",
        "database": "hustledb",
        "max_connections": 20,
        "min_connections": 5,
        "max_conn_lifetime": "1h",
        "max_conn_idle_time": "30m"
    },
    "redis": {
        "host": "localhost",
        "port": 6379,
        "db": 0,
        "max_connections": 50
    },
    "kite": {
        "api_key": "mpztqt5n7hujwxhy",
        "api_secret": "your_api_secret",
        "user_id": "QUM025",
        "user_password": "Test@1122",
        "totp_key": "WGUKEQ5RS5TNUWHWCE65HZD6VGZACVF2",
        "login_url": "https://kite.zerodha.com/api/login",
        "twofa_url": "https://kite.zerodha.com/api/twofa"
    }
} 

KITE_USER_ID=QUM025
KITE_PASSWORD=Test@1122
KITE_TOTP_KEY=WGUKEQ5RS5TNUWHWCE65HZD6VGZACVF2
KITE_API_KEY=mpztqt5n7hujwxhy
KITE_API_SECRET=lokvoi4wl1dpyegm1j7g4svf46ckoell
02-12-24:02:28:06 | ERROR | kite_login.go:18 | gohustle | main.main | Failed to load config | error=error parsing config file: invalid character 'K' after top-level value
02-12-24:02:28:29 | INFO | config.go:74 | config | config.GetConfig | Loading configuration | file_exists=true file_size=782 file_readable=true file_writeable=true working_dir=/Users/prakash-3701/psh/gohustle config_path=/Users/prakash-3701/psh/gohustle/config/config.json absolute_path=/Users/prakash-3701/psh/gohustle/config/config.json
02-12-24:02:28:29 | INFO | config.go:174 | config | config.loadConfigFile | Successfully loaded config | path=/Users/prakash-3701/psh/gohustle/config/config.json
02-12-24:02:28:29 | INFO | kite_login.go:44 | gohustle | main.main | No valid token found, refreshing...
02-12-24:02:28:29 | ERROR | kite_login.go:49 | gohustle | main.main | Failed to refresh access token | error=failed to parse login response: json: cannot unmarshal string into Go struct field LoginResponse.status of type bool
02-12-24:02:30:43 | INFO | config.go:74 | config | config.GetConfig | Loading configuration | config_path=/Users/prakash-3701/psh/gohustle/config/config.json absolute_path=/Users/prakash-3701/psh/gohustle/config/config.json file_exists=true file_size=782 file_readable=true file_writeable=true working_dir=/Users/prakash-3701/psh/gohustle
02-12-24:02:30:43 | INFO | config.go:174 | config | config.loadConfigFile | Successfully loaded config | path=/Users/prakash-3701/psh/gohustle/config/config.json
02-12-24:02:30:43 | INFO | kite_login.go:44 | gohustle | main.main | No valid token found, refreshing...
02-12-24:02:30:43 | INFO | broker.go:56 | gohustle | main.(*KiteConnect).RefreshAccessToken | Attempting login | user_id=QUM025 url=https://kite.zerodha.com/api/login
02-12-24:02:30:43 | INFO | broker.go:78 | gohustle | main.(*KiteConnect).RefreshAccessToken | Received login response | status_code=200 body={"status":"success","data":{"user_id":"QUM025","request_id":"h4ITA0Cr2idAXPVPoRgzPyArxsadMzLZQV8Vpl9Hk2kf3VJjNCtIkuh8lWGZhgz1","twofa_type":"totp","twofa_types":["totp","app_code"],"twofa_status":"active","profile":{"user_name":"Monica Catherine","user_shortname":"Monica","avatar_url":"https://s3.ap-south-1.amazonaws.com/zerodha-kite-blobs/avatars/WRXQTOhAD7dAyZGsZbRxK9bNcp7pxRwq.png"}}}
02-12-24:02:30:43 | ERROR | broker.go:85 | gohustle | main.(*KiteConnect).RefreshAccessToken | Failed to parse login response | body={"status":"success","data":{"user_id":"QUM025","request_id":"h4ITA0Cr2idAXPVPoRgzPyArxsadMzLZQV8Vpl9Hk2kf3VJjNCtIkuh8lWGZhgz1","twofa_type":"totp","twofa_types":["totp","app_code"],"twofa_status":"active","profile":{"user_name":"Monica Catherine","user_shortname":"Monica","avatar_url":"https://s3.ap-south-1.amazonaws.com/zerodha-kite-blobs/avatars/WRXQTOhAD7dAyZGsZbRxK9bNcp7pxRwq.png"}}} error=json: cannot unmarshal string into Go struct field LoginResponse.status of type bool
02-12-24:02:30:43 | ERROR | kite_login.go:49 | gohustle | main.main | Failed to refresh access token | error=failed to parse login response: json: cannot unmarshal string into Go struct field LoginResponse.status of type bool
02-12-24:02:31:39 | INFO | config.go:74 | config | config.GetConfig | Loading configuration | file_size=782 file_readable=true file_writeable=true working_dir=/Users/prakash-3701/psh/gohustle config_path=/Users/prakash-3701/psh/gohustle/config/config.json absolute_path=/Users/prakash-3701/psh/gohustle/config/config.json file_exists=true
02-12-24:02:31:39 | INFO | config.go:174 | config | config.loadConfigFile | Successfully loaded config | path=/Users/prakash-3701/psh/gohustle/config/config.json
02-12-24:02:31:39 | INFO | kite_login.go:44 | gohustle | main.main | No valid token found, refreshing...
02-12-24:02:31:39 | INFO | broker.go:69 | gohustle | main.(*KiteConnect).RefreshAccessToken | Attempting login | url=https://kite.zerodha.com/api/login user_id=QUM025
02-12-24:02:31:39 | INFO | broker.go:91 | gohustle | main.(*KiteConnect).RefreshAccessToken | Received login response | body={"status":"success","data":{"user_id":"QUM025","request_id":"Et8l738nNNRZkdHq3eRGetfETbue44ZMj4ayztLZNTCthXRmPg4fVESTR899u8EE","twofa_type":"totp","twofa_types":["totp","app_code"],"twofa_status":"active","profile":{"user_name":"Monica Catherine","user_shortname":"Monica","avatar_url":"https://s3.ap-south-1.amazonaws.com/zerodha-kite-blobs/avatars/WRXQTOhAD7dAyZGsZbRxK9bNcp7pxRwq.png"}}} status_code=200
02-12-24:02:31:39 | INFO | broker.go:105 | gohustle | main.(*KiteConnect).RefreshAccessToken | Login response parsed | status=success request_id=Et8l738nNNRZkdHq3eRGetfETbue44ZMj4ayztLZNTCthXRmPg4fVESTR899u8EE
02-12-24:02:31:39 | INFO | broker.go:119 | gohustle | main.(*KiteConnect).RefreshAccessToken | Generated TOTP code | code_length=6
02-12-24:02:31:39 | INFO | broker.go:129 | gohustle | main.(*KiteConnect).RefreshAccessToken | Attempting 2FA | url=https://kite.zerodha.com/api/twofa request_id=Et8l738nNNRZkdHq3eRGetfETbue44ZMj4ayztLZNTCthXRmPg4fVESTR899u8EE
02-12-24:02:31:39 | ERROR | kite_login.go:49 | gohustle | main.main | Failed to refresh access token | error=request token not found in response URL
02-12-24:02:33:06 | INFO | config.go:74 | config | config.GetConfig | Loading configuration | file_readable=true file_writeable=true working_dir=/Users/prakash-3701/psh/gohustle config_path=/Users/prakash-3701/psh/gohustle/config/config.json absolute_path=/Users/prakash-3701/psh/gohustle/config/config.json file_exists=true file_size=782
02-12-24:02:33:06 | INFO | config.go:174 | config | config.loadConfigFile | Successfully loaded config | path=/Users/prakash-3701/psh/gohustle/config/config.json
02-12-24:02:33:06 | INFO | kite_login.go:44 | gohustle | main.main | No valid token found, refreshing...
02-12-24:02:33:06 | INFO | broker.go:69 | gohustle | main.(*KiteConnect).RefreshAccessToken | Attempting login | user_id=QUM025 url=https://kite.zerodha.com/api/login
02-12-24:02:33:07 | INFO | broker.go:91 | gohustle | main.(*KiteConnect).RefreshAccessToken | Received login response | status_code=200 body={"status":"success","data":{"user_id":"QUM025","request_id":"l0rtrGHAcHYPYOJiyyyXMc2liZP7l77Wr0umewFPhJd5z0SBTTgQTxNj5GzVgiHk","twofa_type":"totp","twofa_types":["totp","app_code"],"twofa_status":"active","profile":{"user_name":"Monica Catherine","user_shortname":"Monica","avatar_url":"https://s3.ap-south-1.amazonaws.com/zerodha-kite-blobs/avatars/WRXQTOhAD7dAyZGsZbRxK9bNcp7pxRwq.png"}}}
02-12-24:02:33:07 | INFO | broker.go:105 | gohustle | main.(*KiteConnect).RefreshAccessToken | Login response parsed | status=success request_id=l0rtrGHAcHYPYOJiyyyXMc2liZP7l77Wr0umewFPhJd5z0SBTTgQTxNj5GzVgiHk
02-12-24:02:33:07 | INFO | broker.go:119 | gohustle | main.(*KiteConnect).RefreshAccessToken | Generated TOTP code | code_length=6
02-12-24:02:33:07 | INFO | broker.go:129 | gohustle | main.(*KiteConnect).RefreshAccessToken | Attempting 2FA | request_id=l0rtrGHAcHYPYOJiyyyXMc2liZP7l77Wr0umewFPhJd5z0SBTTgQTxNj5GzVgiHk url=https://kite.zerodha.com/api/twofa
02-12-24:02:33:07 | INFO | broker.go:144 | gohustle | main.(*KiteConnect).RefreshAccessToken | 2FA response received | status_code=200 body={"status":"success","data":{"profile":{}}}
02-12-24:02:33:07 | INFO | broker.go:155 | gohustle | main.(*KiteConnect).RefreshAccessToken | Attempting to get request token | url=https://kite.zerodha.com/connect/login?api_key=mpztqt5n7hujwxhy&v=3
02-12-24:02:33:07 | INFO | broker.go:161 | gohustle | main.(*KiteConnect).RefreshAccessToken.func1 | Redirect detected | url=https://kite.zerodha.com/connect/login?api_key=mpztqt5n7hujwxhy&sess_id=7eBPA1mGxM3q6rfKnfgMcVtQ6e7AhFy9
02-12-24:02:33:07 | INFO | broker.go:177 | gohustle | main.(*KiteConnect).RefreshAccessToken | Login redirect response | status_code=200 final_url=https://kite.zerodha.com/connect/login?api_key=mpztqt5n7hujwxhy&sess_id=7eBPA1mGxM3q6rfKnfgMcVtQ6e7AhFy9 params=map[api_key:[mpztqt5n7hujwxhy] sess_id:[7eBPA1mGxM3q6rfKnfgMcVtQ6e7AhFy9]]
02-12-24:02:33:07 | INFO | broker.go:188 | gohustle | main.(*KiteConnect).RefreshAccessToken | URL parameters | params=map[api_key:[mpztqt5n7hujwxhy] sess_id:[7eBPA1mGxM3q6rfKnfgMcVtQ6e7AhFy9]] request_token=
02-12-24:02:33:07 | ERROR | broker.go:196 | gohustle | main.(*KiteConnect).RefreshAccessToken | Request token not found | final_url=https://kite.zerodha.com/connect/login?api_key=mpztqt5n7hujwxhy&sess_id=7eBPA1mGxM3q6rfKnfgMcVtQ6e7AhFy9 body=<!doctype html><html lang=en data-theme=default><head><base href=/ ><meta charset=utf-8><meta http-equiv=x-ua-compatible content="ie=edge"><meta name=viewport content="width=device-width,initial-scale=1"><meta name=description content="Log in to Kite, Zerodha's fast trading platform designed for speed, simplicity, and a user-friendly experience"><meta name=keywords content="Kite, Zerodha, trading platform, best trading platform, fast trading platform, free trading platform"><title>Login to Kite by Zerodha - Fast, easy trading and investment platform</title><link rel=apple-touch-icon-precomposed sizes=57x57 href=/static/images/browser-icons/apple-touch-icon-57x57.png><link rel=apple-touch-icon-precomposed sizes=114x114 href=/static/images/browser-icons/apple-touch-icon-114x114.png><link rel=apple-touch-icon-precomposed sizes=72x72 href=/static/images/browser-icons/apple-touch-icon-72x72.png><link rel=apple-touch-icon-precomposed sizes=144x144 href=/static/images/browser-icons/apple-touch-icon-144x144.png><link rel=apple-touch-icon-precomposed sizes=60x60 href=/static/images/browser-icons/apple-touch-icon-60x60.png><link rel=apple-touch-icon-precomposed sizes=120x120 href=/static/images/browser-icons/apple-touch-icon-120x120.png><link rel=apple-touch-icon-precomposed sizes=76x76 href=/static/images/browser-icons/apple-touch-icon-76x76.png><link rel=apple-touch-icon-precomposed sizes=152x152 href=/static/images/browser-icons/apple-touch-icon-152x152.png><link rel=icon type=image/png href=/static/images/browser-icons/favicon-196x196.png sizes=196x196><link rel=icon type=image/png href=/static/images/browser-icons/favicon-96x96.png sizes=96x96><link rel=icon type=image/png href=/static/images/browser-icons/favicon-32x32.png sizes=32x32><link rel=icon type=image/png href=/static/images/browser-icons/favicon-16x16.png sizes=16x16><link rel=icon type=image/png href=/static/images/browser-icons/favicon-128.png sizes=128x128><meta name=application-name content=&nbsp;><meta name=msapplication-TileColor content=#FFFFFF><meta name=msapplication-TileImage content=/static/images/browser-icons/mstile-144x144.png><meta name=msapplication-square70x70logo content=/static/images/browser-icons/mstile-70x70.png><meta name=msapplication-square150x150logo content=/static/images/browser-icons/mstile-150x150.png><meta name=msapplication-wide310x150logo content=/static/images/browser-icons/mstile-310x150.png><meta name=msapplication-square310x310logo content=/static/images/browser-icons/mstile-310x310.png><!--[if IE]><link rel="shortcut icon" href="/static/images/browser-icons/favicon.ico"><![endif]--><link rel=icon href=/static/images/browser-icons/favicon-32x32.png><link href="//fonts.googleapis.com/css?family=Open+Sans:300,400,600" rel=stylesheet type=text/css><style>[data-theme="dark"] body {
				background-color: #111111;
			}</style><link href=/static/css/chartiq.a6214396.css rel=prefetch><link href=/static/css/chartiq~main~tradingview.2114fee5.css rel=prefetch><link href=/static/css/main-tradingview.2d680389.css rel=prefetch><link href=/static/css/main.88db5d93.css rel=prefetch><link href=/static/css/outer.ce47ccc9.css rel=prefetch><link href=/static/css/tradingview.a6214396.css rel=prefetch><link href=/static/js/chartiq.0cb45302.js rel=prefetch><link href=/static/js/chartiq~connect~main~main-chartiq~main-tradingview~tradingview.17320b2f.js rel=prefetch><link href=/static/js/chartiq~connect~main~tradingview.9ac193f4.js rel=prefetch><link href=/static/js/chartiq~main~main-chartiq~main-tradingview~outer~tradingview.b7ec15fd.js rel=prefetch><link href=/static/js/chartiq~main~tradingview.f0171186.js rel=prefetch><link href=/static/js/chunk-2d0a3154.297b2c66.js rel=prefetch><link href=/static/js/connect.4eac94fe.js rel=prefetch><link href=/static/js/holdings-auth.39fb1950.js rel=prefetch><link href=/static/js/main-chartiq.65777fe7.js rel=prefetch><link href=/static/js/main-tradingview.298823c7.js rel=prefetch><link href=/static/js/main.b0fdbe6b.js rel=prefetch><link href=/static/js/outer.9ba8db49.js rel=prefetch><link href=/static/js/tradingview.397b85a7.js rel=prefetch><link href=/static/css/app.9fc76317.css rel=preload as=style><link href=/static/css/chunk-vendors.4c6dbe53.css rel=preload as=style><link href=/static/js/app.c41dd928.js rel=modulepreload as=script><link href=/static/js/chunk-vendors.270e908a.js rel=modulepreload as=script><link href=/static/css/chunk-vendors.4c6dbe53.css rel=stylesheet><link href=/static/css/app.9fc76317.css rel=stylesheet></head><body><noscript><strong>We're sorry but kite doesn't work properly without JavaScript enabled. Please enable it to continue.</strong></noscript><div id=app></div><script async>// Add `maximum-scale=1` in iOS devices to disable auto zoom on input focus.
			try {
				if (navigator.platform && /iPad|iPhone|iPod/.test(navigator.platform)) {
					document.head.querySelector('meta[name="viewport"]').content = "width=device-width, initial-scale=1, maximum-scale=1";
				}
			} catch (_) {}

			// Set theme.
			try {
				var queryParams = new URLSearchParams(window.location.search)
				var theme = queryParams.get("theme")
				if (!theme) {
					theme = JSON.parse(localStorage.__storejs_kite_theme);
				}
				document.documentElement.setAttribute("data-theme", theme);
			} catch (_) {}</script><script type=module src=/static/js/chunk-vendors.270e908a.js></script><script type=module src=/static/js/app.c41dd928.js></script><script>!function(){var e=document,t=e.createElement("script");if(!("noModule"in t)&&"onbeforeload"in t){var n=!1;e.addEventListener("beforeload",function(e){if(e.target===t)n=!0;else if(!e.target.hasAttribute("nomodule")||!n)return;e.preventDefault()},!0),t.type="module",t.src=".",e.head.appendChild(t),t.remove()}}();</script><script src=/static/js/chunk-vendors-legacy.270e908a.js nomodule></script><script src=/static/js/app-legacy.d65ebc3a.js nomodule></script></body></html>
02-12-24:02:33:07 | ERROR | kite_login.go:49 | gohustle | main.main | Failed to refresh access token | error=request token not found in response URL
02-12-24:02:41:58 | INFO | config.go:74 | config | config.GetConfig | Loading configuration | file_readable=true file_writeable=true working_dir=/Users/prakash-3701/psh/gohustle config_path=/Users/prakash-3701/psh/gohustle/config/config.json absolute_path=/Users/prakash-3701/psh/gohustle/config/config.json file_exists=true file_size=782
02-12-24:02:41:58 | INFO | config.go:174 | config | config.loadConfigFile | Successfully loaded config | path=/Users/prakash-3701/psh/gohustle/config/config.json
02-12-24:02:41:58 | INFO | kite_login.go:44 | gohustle | main.main | No valid token found, refreshing...
02-12-24:02:41:58 | INFO | broker.go:88 | gohustle | main.(*KiteConnect).RefreshAccessToken | Attempting login | user_id=QUM025 url=https://kite.zerodha.com/api/login
02-12-24:02:41:59 | INFO | broker.go:116 | gohustle | main.(*KiteConnect).RefreshAccessToken | Attempting 2FA | request_id=A2nvbRJlwMkZIMQ5d40PlGko8RW3E52Uq106yOOA5GlxyN2LdXvopUSmOYMsEQ3s
02-12-24:02:41:59 | INFO | broker.go:132 | gohustle | main.(*KiteConnect).RefreshAccessToken | Attempting to get request token | url=https://kite.zerodha.com/connect/login?api_key=mpztqt5n7hujwxhy&v=3
02-12-24:02:41:59 | INFO | broker.go:76 | gohustle | main.(*KiteConnect).RefreshAccessToken.func1 | Redirect detected | url=https://kite.zerodha.com/connect/finish?api_key=mpztqt5n7hujwxhy&sess_id=GVZOjkokO0XvPW54Y3qNR51frnlrE93a
02-12-24:02:41:59 | INFO | broker.go:76 | gohustle | main.(*KiteConnect).RefreshAccessToken.func1 | Redirect detected | url=http://127.0.0.1:3000/zerodha/kite/auth/redirect?request_token=33N50jjJNG60BrDiW5p6HnpNeK6C2ws4&action=login&type=login&status=success
02-12-24:02:41:59 | ERROR | kite_login.go:49 | gohustle | main.main | Failed to refresh access token | error=failed to get request token: Get "http://127.0.0.1:3000/zerodha/kite/auth/redirect?request_token=33N50jjJNG60BrDiW5p6HnpNeK6C2ws4&action=login&type=login&status=success": dial tcp 127.0.0.1:3000: connect: connection refused
02-12-24:02:47:03 | INFO | config.go:74 | config | config.GetConfig | Loading configuration | absolute_path=/Users/prakash-3701/psh/gohustle/config/config.json file_exists=true file_size=782 file_readable=true file_writeable=true working_dir=/Users/prakash-3701/psh/gohustle config_path=/Users/prakash-3701/psh/gohustle/config/config.json
02-12-24:02:47:03 | INFO | config.go:174 | config | config.loadConfigFile | Successfully loaded config | path=/Users/prakash-3701/psh/gohustle/config/config.json
02-12-24:02:47:03 | INFO | kite_login.go:44 | gohustle | main.main | No valid token found, refreshing...
02-12-24:02:47:03 | INFO | broker.go:118 | gohustle | main.(*KiteConnect).RefreshAccessToken | Attempting login | user_id=QUM025 url=https://kite.zerodha.com/api/login
02-12-24:02:47:03 | INFO | broker.go:146 | gohustle | main.(*KiteConnect).RefreshAccessToken | Attempting 2FA | request_id=vuu2jPUdWsSEaLMMiQBx7lcmdeLwe41H2pRwmhQRGv89vrTo6FkApNsmDxsEORAt
02-12-24:02:47:03 | INFO | broker.go:162 | gohustle | main.(*KiteConnect).RefreshAccessToken | Attempting to get request token | url=https://kite.zerodha.com/connect/login?api_key=mpztqt5n7hujwxhy&v=3
02-12-24:02:47:03 | INFO | broker.go:76 | gohustle | main.(*KiteConnect).RefreshAccessToken.func1 | Redirect detected | url=https://kite.zerodha.com/connect/finish?api_key=mpztqt5n7hujwxhy&sess_id=qa4ss5iO3s8tohTN2MGeom4sZoZrQVfA
02-12-24:02:47:03 | INFO | broker.go:76 | gohustle | main.(*KiteConnect).RefreshAccessToken.func1 | Redirect detected | url=http://127.0.0.1:3000/zerodha/kite/auth/redirect?action=login&type=login&status=success&request_token=dgEHJ6PnbiXE5vUlsVYdBEh3lbs48MRf
02-12-24:02:47:03 | INFO | broker.go:84 | gohustle | main.(*KiteConnect).RefreshAccessToken.func1 | Found request token in redirect | request_token=dgEHJ6PnbiXE5vUlsVYdBEh3lbs48MRf
02-12-24:02:47:03 | ERROR | kite_login.go:49 | gohustle | main.main | Failed to refresh access token | error=failed to get request token: Get "http://127.0.0.1:3000/zerodha/kite/auth/redirect?action=login&type=login&status=success&request_token=dgEHJ6PnbiXE5vUlsVYdBEh3lbs48MRf": got request token: dgEHJ6PnbiXE5vUlsVYdBEh3lbs48MRf
02-12-24:02:48:55 | INFO | config.go:74 | config | config.GetConfig | Loading configuration | file_writeable=true working_dir=/Users/prakash-3701/psh/gohustle config_path=/Users/prakash-3701/psh/gohustle/config/config.json absolute_path=/Users/prakash-3701/psh/gohustle/config/config.json file_exists=true file_size=782 file_readable=true
02-12-24:02:48:55 | INFO | config.go:174 | config | config.loadConfigFile | Successfully loaded config | path=/Users/prakash-3701/psh/gohustle/config/config.json
02-12-24:02:48:55 | INFO | kite_login.go:56 | gohustle | main.main | Access token operation completed | token_exists=true token_length=32
02-12-24:02:56:17 | INFO | config.go:74 | config | config.GetConfig | Loading configuration | absolute_path=/Users/prakash-3701/psh/gohustle/config/config.json file_exists=true file_size=782 file_readable=true file_writeable=true working_dir=/Users/prakash-3701/psh/gohustle config_path=/Users/prakash-3701/psh/gohustle/config/config.json
02-12-24:02:56:17 | INFO | config.go:174 | config | config.loadConfigFile | Successfully loaded config | path=/Users/prakash-3701/psh/gohustle/config/config.json
02-12-24:02:56:17 | INFO | kite_data.go:43 | gohustle | main.NewKiteData | Retrieved access token | token_length=32
02-12-24:02:56:17 | INFO | kite_data.go:51 | gohustle | main.NewKiteData | Initialized Kite client | api_key=mpztqt5n7hujwxhy
02-12-24:02:56:17 | ERROR | kite_data.go:76 | gohustle | main.(*KiteData).GetCurrentSpotPriceOfAllIndices | Failed to fetch spot prices | error=Incorrect `api_key` or `access_token`.
02-12-24:02:56:17 | ERROR | kite_data.go:132 | gohustle | main.main | Failed to get spot prices | error=failed to fetch spot prices: Incorrect `api_key` or `access_token`.
02-12-24:02:58:46 | INFO | config.go:74 | config | config.GetConfig | Loading configuration | file_exists=true file_size=782 file_readable=true file_writeable=true working_dir=/Users/prakash-3701/psh/gohustle config_path=/Users/prakash-3701/psh/gohustle/config/config.json absolute_path=/Users/prakash-3701/psh/gohustle/config/config.json
02-12-24:02:58:46 | INFO | config.go:174 | config | config.loadConfigFile | Successfully loaded config | path=/Users/prakash-3701/psh/gohustle/config/config.json
02-12-24:02:58:46 | ERROR | kite_data.go:37 | gohustle | main.NewKiteData | Failed to get request token | error=no rows in result set
02-12-24:02:58:46 | ERROR | kite_data.go:150 | gohustle | main.main | Failed to initialize KiteData | error=failed to get request token: no rows in result set
02-12-24:02:59:28 | INFO | config.go:74 | config | config.GetConfig | Loading configuration | file_size=782 file_readable=true file_writeable=true working_dir=/Users/prakash-3701/psh/gohustle config_path=/Users/prakash-3701/psh/gohustle/config/config.json absolute_path=/Users/prakash-3701/psh/gohustle/config/config.json file_exists=true
02-12-24:02:59:28 | INFO | config.go:174 | config | config.loadConfigFile | Successfully loaded config | path=/Users/prakash-3701/psh/gohustle/config/config.json
02-12-24:02:59:28 | ERROR | kite_data.go:49 | gohustle | main.NewKiteData | Failed to generate session | error=Token is invalid or has expired.
02-12-24:02:59:28 | ERROR | kite_data.go:150 | gohustle | main.main | Failed to initialize KiteData | error=failed to generate session: Token is invalid or has expired.
02-12-24:02:59:42 | INFO | config.go:74 | config | config.GetConfig | Loading configuration | config_path=/Users/prakash-3701/psh/gohustle/config/config.json absolute_path=/Users/prakash-3701/psh/gohustle/config/config.json file_exists=true file_size=782 file_readable=true file_writeable=true working_dir=/Users/prakash-3701/psh/gohustle
02-12-24:02:59:42 | INFO | config.go:174 | config | config.loadConfigFile | Successfully loaded config | path=/Users/prakash-3701/psh/gohustle/config/config.json
02-12-24:02:59:42 | INFO | kite_login.go:56 | gohustle | main.main | Access token operation completed | token_exists=true token_length=32
02-12-24:03:00:16 | INFO | config.go:74 | config | config.GetConfig | Loading configuration | file_exists=true file_size=782 file_readable=true file_writeable=true working_dir=/Users/prakash-3701/psh/gohustle config_path=/Users/prakash-3701/psh/gohustle/config/config.json absolute_path=/Users/prakash-3701/psh/gohustle/config/config.json
02-12-24:03:00:16 | INFO | config.go:174 | config | config.loadConfigFile | Successfully loaded config | path=/Users/prakash-3701/psh/gohustle/config/config.json
02-12-24:03:00:16 | INFO | kite_login.go:44 | gohustle | main.main | No valid token found, refreshing...
02-12-24:03:00:16 | INFO | broker.go:116 | gohustle | main.(*KiteConnect).RefreshAccessToken | Attempting login | user_id=QUM025 url=https://kite.zerodha.com/api/login
02-12-24:03:00:16 | INFO | broker.go:144 | gohustle | main.(*KiteConnect).RefreshAccessToken | Attempting 2FA | request_id=06uhPkv8JmTdz3a1od9kOdMbgzb1ghBt8FfAkjREIwZEETreeBogPkEVfXMB3lQl
02-12-24:03:00:16 | INFO | broker.go:160 | gohustle | main.(*KiteConnect).RefreshAccessToken | Attempting to get request token | url=https://kite.zerodha.com/connect/login?api_key=mpztqt5n7hujwxhy&v=3
02-12-24:03:00:16 | INFO | broker.go:74 | gohustle | main.(*KiteConnect).RefreshAccessToken.func1 | Redirect detected | url=https://kite.zerodha.com/connect/finish?sess_id=tZliDWOKvmNHm6s66y1g8N5FFFFUbQPv&api_key=mpztqt5n7hujwxhy
02-12-24:03:00:16 | INFO | broker.go:74 | gohustle | main.(*KiteConnect).RefreshAccessToken.func1 | Redirect detected | url=http://127.0.0.1:3000/zerodha/kite/auth/redirect?action=login&type=login&status=success&request_token=UWHe6Zli8DRKnpTGpYzYAZboLBF3VmzJ
02-12-24:03:00:16 | INFO | broker.go:82 | gohustle | main.(*KiteConnect).RefreshAccessToken.func1 | Found request token in redirect | request_token=UWHe6Zli8DRKnpTGpYzYAZboLBF3VmzJ
02-12-24:03:00:16 | INFO | broker.go:168 | gohustle | main.(*KiteConnect).RefreshAccessToken | Successfully extracted request token | request_token=Get "http://127.0.0.1:3000/zerodha/kite/auth/redirect?action=login&type=login&status=success&request_token=UWHe6Zli8DRKnpTGpYzYAZboLBF3VmzJ": got request token: UWHe6Zli8DRKnpTGpYzYAZboLBF3VmzJ
02-12-24:03:00:16 | INFO | broker.go:179 | gohustle | main.(*KiteConnect).RefreshAccessToken | Generating session | url=https://kite.zerodha.com/connect/session?api_key=mpztqt5n7hujwxhy&request_token=Get "http://127.0.0.1:3000/zerodha/kite/auth/redirect?action=login&type=login&status=success&request_token=UWHe6Zli8DRKnpTGpYzYAZboLBF3VmzJ": got request token: UWHe6Zli8DRKnpTGpYzYAZboLBF3VmzJ
02-12-24:03:00:16 | ERROR | kite_login.go:49 | gohustle | main.main | Failed to refresh access token | error=no access token in session response
02-12-24:03:01:01 | INFO | config.go:74 | config | config.GetConfig | Loading configuration | absolute_path=/Users/prakash-3701/psh/gohustle/config/config.json file_exists=true file_size=782 file_readable=true file_writeable=true working_dir=/Users/prakash-3701/psh/gohustle config_path=/Users/prakash-3701/psh/gohustle/config/config.json
02-12-24:03:01:01 | INFO | config.go:174 | config | config.loadConfigFile | Successfully loaded config | path=/Users/prakash-3701/psh/gohustle/config/config.json
02-12-24:03:01:02 | INFO | kite_data.go:77 | gohustle | main.NewKiteData | Successfully initialized Kite client | api_key=mpztqt5n7hujwxhy access_token_length=32
02-12-24:03:01:02 | INFO | kite_data.go:118 | gohustle | main.(*KiteData).GetCurrentSpotPriceOfAllIndices | Successfully fetched spot prices | prices=map[BANKEX:59298.07 BANKNIFTY:52055.6 FINNIFTY:24010.15 MIDCPNIFTY:12619.5 NIFTY:24131.1 SENSEX:79802.79]
02-12-24:03:01:02 | INFO | kite_data.go:165 | gohustle | main.main | Final spot prices | prices=map[BANKEX:59298.07 BANKNIFTY:52055.6 FINNIFTY:24010.15 MIDCPNIFTY:12619.5 NIFTY:24131.1 SENSEX:79802.79]
